<?xml version="1.0" encoding="utf-8"?><testsuites><testsuite name="pytest" errors="0" failures="0" skipped="0" tests="2" time="9.932" timestamp="2023-03-07T16:16:05.201291" hostname="UNIVERSE.local"><testcase classname="tests.unit.workbench_tools.notice_validator.cli.test_cmd_shacl_runner" name="test_cmd_shacl_runner" time="6.373" /><testcase classname="tests.unit.workbench_tools.notice_validator.cli.test_cmd_shacl_runner" name="test_cmd_shacl_runner_with_invalid_input" time="0.003" /></testsuite></testsuites>