<?xml version="1.0" encoding="utf-8"?><testsuites><testsuite name="pytest" errors="0" failures="0" skipped="0" tests="2" time="13.711" timestamp="2022-05-31T19:01:26.460518" hostname="Mercury"><testcase classname="tests.unit.notice_validator.cli.test_cmd_shacl_runner" name="test_cmd_shacl_runner" time="2.286" /><testcase classname="tests.unit.notice_validator.cli.test_cmd_shacl_runner" name="test_cmd_shacl_runner_with_invalid_input" time="0.004" /></testsuite></testsuites>