<?xml version="1.0" encoding="utf-8"?><testsuites><testsuite name="pytest" errors="0" failures="0" skipped="0" tests="0" time="15.025" timestamp="2022-07-16T18:51:33.529433" hostname="Mercury" /></testsuites>