<?xml version="1.0" encoding="utf-8"?><testsuites><testsuite name="pytest" errors="0" failures="0" skipped="0" tests="21" time="13.133" timestamp="2023-03-07T16:17:13.300905" hostname="UNIVERSE.local"><testcase classname="tests.unit.workbench_tools.mapping_suite_processor.cli.test_cmd_mapping_suite_validator" name="test_mapping_suite_validator" time="0.996" /><testcase classname="tests.unit.workbench_tools.notice_metadata_processor.cli.test_cmd_generate_mapping_resources" name="test_generate_mapping_resources" time="0.007" /><testcase classname="tests.unit.workbench_tools.notice_metadata_processor.cli.test_cmd_generate_mapping_resources" name="test_generate_mapping_resources_cli" time="0.238" /><testcase classname="tests.unit.workbench_tools.notice_metadata_processor.cli.test_cmd_generate_mapping_resources" name="test_generate_mapping_resources_with_invalid_mapping" time="0.152" /><testcase classname="tests.unit.workbench_tools.notice_packager.cli.test_cmd_bulk_packager" name="test_bulk_packager" time="1.007" /><testcase classname="tests.unit.workbench_tools.notice_packager.cli.test_cmd_bulk_packager" name="test_bulk_packager_with_notice_id" time="0.167" /><testcase classname="tests.unit.workbench_tools.notice_packager.cli.test_cmd_bulk_packager" name="test_bulk_packager_with_non_existing_input" time="0.003" /><testcase classname="tests.unit.workbench_tools.notice_packager.cli.test_cmd_bulk_packager" name="test_bulk_packager_with_invalid_input" time="0.005" /><testcase classname="tests.unit.workbench_tools.notice_transformer.cli.test_cmd_mapping_runner" name="test_cmd_mapping_runner" time="0.323" /><testcase classname="tests.unit.workbench_tools.notice_transformer.cli.test_cmd_mapping_runner" name="test_cmd_mapping_runner_with_invalid_serialization" time="0.620" /><testcase classname="tests.unit.workbench_tools.notice_transformer.cli.test_cmd_mapping_runner" name="test_cmd_mapping_runner_with_not_package" time="0.005" /><testcase classname="tests.unit.workbench_tools.notice_transformer.cli.test_cmd_mapping_runner" name="test_cmd_mapping_runner_with_failed_package" time="0.006" /><testcase classname="tests.unit.workbench_tools.notice_transformer.cli.test_cmd_mapping_runner" name="test_cmd_mapping_runner_with_no_suite_id" time="0.937" /><testcase classname="tests.unit.workbench_tools.notice_validator.cli.test_cmd_shacl_runner" name="test_cmd_shacl_runner" time="5.362" /><testcase classname="tests.unit.workbench_tools.notice_validator.cli.test_cmd_shacl_runner" name="test_cmd_shacl_runner_with_invalid_input" time="0.003" /><testcase classname="tests.unit.workbench_tools.notice_validator.cli.test_cmd_sparql_runner" name="test_cmd_sparql_runner" time="0.411" /><testcase classname="tests.unit.workbench_tools.notice_validator.cli.test_cmd_sparql_runner" name="test_cmd_sparql_runner_with_invalid_input" time="0.003" /><testcase classname="tests.unit.workbench_tools.notice_validator.cli.test_cmd_validation_summary_runner" name="test_cmd_validation_summary_runner_for_notice" time="0.115" /><testcase classname="tests.unit.workbench_tools.notice_validator.cli.test_cmd_validation_summary_runner" name="test_cmd_validation_summary_runner_for_mapping_suite" time="0.078" /><testcase classname="tests.unit.workbench_tools.notice_validator.cli.test_cmd_xpath_coverage_runner" name="test_cmd_xpath_coverage_runner" time="0.459" /><testcase classname="tests.unit.workbench_tools.notice_validator.cli.test_cmd_xpath_coverage_runner" name="test_cmd_xpath_coverage_runner_with_invalid_input" time="0.004" /></testsuite></testsuites>