<?xml version="1.0" encoding="utf-8"?><testsuites><testsuite name="pytest" errors="0" failures="0" skipped="0" tests="21" time="47.808" timestamp="2023-02-08T20:10:14.726315" hostname="Mercury"><testcase classname="tests.unit.entrypoints.mapping_suite_processor.cli.test_cmd_mapping_suite_validator" name="test_mapping_suite_validator" time="1.168" /><testcase classname="tests.unit.entrypoints.notice_metadata_processor.cli.test_cmd_generate_mapping_resources" name="test_generate_mapping_resources" time="0.024" /><testcase classname="tests.unit.entrypoints.notice_metadata_processor.cli.test_cmd_generate_mapping_resources" name="test_generate_mapping_resources_cli" time="0.611" /><testcase classname="tests.unit.entrypoints.notice_metadata_processor.cli.test_cmd_generate_mapping_resources" name="test_generate_mapping_resources_with_invalid_mapping" time="0.513" /><testcase classname="tests.unit.entrypoints.notice_packager.cli.test_cmd_bulk_packager" name="test_bulk_packager" time="0.173" /><testcase classname="tests.unit.entrypoints.notice_packager.cli.test_cmd_bulk_packager" name="test_bulk_packager_with_notice_id" time="0.084" /><testcase classname="tests.unit.entrypoints.notice_packager.cli.test_cmd_bulk_packager" name="test_bulk_packager_with_non_existing_input" time="0.010" /><testcase classname="tests.unit.entrypoints.notice_packager.cli.test_cmd_bulk_packager" name="test_bulk_packager_with_invalid_input" time="0.021" /><testcase classname="tests.unit.entrypoints.notice_transformer.cli.test_cmd_mapping_runner" name="test_cmd_mapping_runner" time="0.424" /><testcase classname="tests.unit.entrypoints.notice_transformer.cli.test_cmd_mapping_runner" name="test_cmd_mapping_runner_with_invalid_serialization" time="0.702" /><testcase classname="tests.unit.entrypoints.notice_transformer.cli.test_cmd_mapping_runner" name="test_cmd_mapping_runner_with_not_package" time="0.007" /><testcase classname="tests.unit.entrypoints.notice_transformer.cli.test_cmd_mapping_runner" name="test_cmd_mapping_runner_with_failed_package" time="0.019" /><testcase classname="tests.unit.entrypoints.notice_transformer.cli.test_cmd_mapping_runner" name="test_cmd_mapping_runner_with_no_suite_id" time="0.951" /><testcase classname="tests.unit.entrypoints.notice_validator.cli.test_cmd_shacl_runner" name="test_cmd_shacl_runner" time="2.706" /><testcase classname="tests.unit.entrypoints.notice_validator.cli.test_cmd_shacl_runner" name="test_cmd_shacl_runner_with_invalid_input" time="0.008" /><testcase classname="tests.unit.entrypoints.notice_validator.cli.test_cmd_sparql_runner" name="test_cmd_sparql_runner" time="0.560" /><testcase classname="tests.unit.entrypoints.notice_validator.cli.test_cmd_sparql_runner" name="test_cmd_sparql_runner_with_invalid_input" time="0.009" /><testcase classname="tests.unit.entrypoints.notice_validator.cli.test_cmd_validation_summary_runner" name="test_cmd_validation_summary_runner_for_notice" time="0.327" /><testcase classname="tests.unit.entrypoints.notice_validator.cli.test_cmd_validation_summary_runner" name="test_cmd_validation_summary_runner_for_mapping_suite" time="0.299" /><testcase classname="tests.unit.entrypoints.notice_validator.cli.test_cmd_xpath_coverage_runner" name="test_cmd_xpath_coverage_runner" time="0.722" /><testcase classname="tests.unit.entrypoints.notice_validator.cli.test_cmd_xpath_coverage_runner" name="test_cmd_xpath_coverage_runner_with_invalid_input" time="0.002" /></testsuite></testsuites>